1616388768994	geckodriver	INFO	Listening on 127.0.0.1:58496
1616388771997	mozrunner::runner	INFO	Running command: "C:\\Program Files\\Mozilla Firefox\\firefox.exe" "--marionette" "-foreground" "-no-remote" "-profile" "C:\\Users\\eavbhat\\AppData\\Local\\Temp\\rust_mozprofileDpmc9p"
console.warn: SearchSettings: "get: No settings file exists, new profile?" (new Error("", "(unknown module)"))
1616388775813	Marionette	INFO	Listening on port 58507
1616388776612	Marionette	WARN	TLS certificate errors will be ignored for this session
Extension error: TypeError: documentTitleResponse is undefined moz-extension://4ae0e11e-4a2c-46fc-b199-efbcac85efb9/background.js 11601
[[Exception stack
this.AternityExtension.background</TabsMonitoring.prototype.scheduleUpdateDocumentTitleInFrames/<@moz-extension://4ae0e11e-4a2c-46fc-b199-efbcac85efb9/background.js:11601:17
sendMessageToTab/<@moz-extension://4ae0e11e-4a2c-46fc-b199-efbcac85efb9/background.js:3777:24
Current stack
applySafeWithoutClone@resource://gre/modules/ExtensionCommon.jsm:622:13
wrapPromise/<@resource://gre/modules/ExtensionCommon.jsm:829:22
]]
Extension error: TypeError: documentTitleResponse is undefined moz-extension://4ae0e11e-4a2c-46fc-b199-efbcac85efb9/background.js 11601
[[Exception stack
this.AternityExtension.background</TabsMonitoring.prototype.scheduleUpdateDocumentTitleInFrames/<@moz-extension://4ae0e11e-4a2c-46fc-b199-efbcac85efb9/background.js:11601:17
sendMessageToTab/<@moz-extension://4ae0e11e-4a2c-46fc-b199-efbcac85efb9/background.js:3777:24
Current stack
applySafeWithoutClone@resource://gre/modules/ExtensionCommon.jsm:622:13
wrapPromise/<@resource://gre/modules/ExtensionCommon.jsm:829:22
]]
Extension error: TypeError: documentTitleResponse is undefined moz-extension://4ae0e11e-4a2c-46fc-b199-efbcac85efb9/background.js 11601
[[Exception stack
this.AternityExtension.background</TabsMonitoring.prototype.scheduleUpdateDocumentTitleInFrames/<@moz-extension://4ae0e11e-4a2c-46fc-b199-efbcac85efb9/background.js:11601:17
sendMessageToTab/<@moz-extension://4ae0e11e-4a2c-46fc-b199-efbcac85efb9/background.js:3777:24
Current stack
applySafeWithoutClone@resource://gre/modules/ExtensionCommon.jsm:622:13
wrapPromise/<@resource://gre/modules/ExtensionCommon.jsm:829:22
]]
[Parent 35136, IPC I/O Parent] WARNING: file /builds/worker/checkouts/gecko/ipc/chromium/src/base/process_util_win.cc:167
JavaScript error: https://magento.com/sites/default/files8/js/optimized/js_6PLu4riE-2dcDQ5QPzuCrl_1JQZAazd43aQw_AQJYoY.MCC6N0i77U9I5vT__eAxvlhWqW3_GnTjR2969C9__zc.js?qq857f, line 9: TypeError: id is undefined
Extension error: TypeError: documentTitleResponse is undefined moz-extension://4ae0e11e-4a2c-46fc-b199-efbcac85efb9/background.js 11601
[[Exception stack
this.AternityExtension.background</TabsMonitoring.prototype.scheduleUpdateDocumentTitleInFrames/<@moz-extension://4ae0e11e-4a2c-46fc-b199-efbcac85efb9/background.js:11601:17
sendMessageToTab/<@moz-extension://4ae0e11e-4a2c-46fc-b199-efbcac85efb9/background.js:3777:24
Current stack
applySafeWithoutClone@resource://gre/modules/ExtensionCommon.jsm:622:13
wrapPromise/<@resource://gre/modules/ExtensionCommon.jsm:829:22
]]
Extension error: TypeError: documentTitleResponse is undefined moz-extension://4ae0e11e-4a2c-46fc-b199-efbcac85efb9/background.js 11601
[[Exception stack
this.AternityExtension.background</TabsMonitoring.prototype.scheduleUpdateDocumentTitleInFrames/<@moz-extension://4ae0e11e-4a2c-46fc-b199-efbcac85efb9/background.js:11601:17
sendMessageToTab/<@moz-extension://4ae0e11e-4a2c-46fc-b199-efbcac85efb9/background.js:3777:24
Current stack
applySafeWithoutClone@resource://gre/modules/ExtensionCommon.jsm:622:13
wrapPromise/<@resource://gre/modules/ExtensionCommon.jsm:829:22
]]
JavaScript error: , line 0: uncaught exception: error
Extension error: TypeError: documentTitleResponse is undefined moz-extension://4ae0e11e-4a2c-46fc-b199-efbcac85efb9/background.js 11601
[[Exception stack
this.AternityExtension.background</TabsMonitoring.prototype.scheduleUpdateDocumentTitleInFrames/<@moz-extension://4ae0e11e-4a2c-46fc-b199-efbcac85efb9/background.js:11601:17
sendMessageToTab/<@moz-extension://4ae0e11e-4a2c-46fc-b199-efbcac85efb9/background.js:3777:24
Current stack
applySafeWithoutClone@resource://gre/modules/ExtensionCommon.jsm:622:13
wrapPromise/<@resource://gre/modules/ExtensionCommon.jsm:829:22
]]
1616388788264	Marionette	WARN	TimedPromise timed out after 500 ms: stacktrace:
TimedPromise/<@chrome://marionette/content/sync.js:231:19
TimedPromise@chrome://marionette/content/sync.js:216:10
interaction.flushEventLoop@chrome://marionette/content/interaction.js:433:10
webdriverClickElement@chrome://marionette/content/interaction.js:179:31
JavaScript error: https://fast.wistia.com/assets/external/E-v1.js, line 1: uncaught exception: error
JavaScript error: https://fast.wistia.com/assets/external/E-v1.js, line 1: uncaught exception: error
Extension error: TypeError: documentTitleResponse is undefined moz-extension://4ae0e11e-4a2c-46fc-b199-efbcac85efb9/background.js 11601
[[Exception stack
this.AternityExtension.background</TabsMonitoring.prototype.scheduleUpdateDocumentTitleInFrames/<@moz-extension://4ae0e11e-4a2c-46fc-b199-efbcac85efb9/background.js:11601:17
sendMessageToTab/<@moz-extension://4ae0e11e-4a2c-46fc-b199-efbcac85efb9/background.js:3777:24
Current stack
applySafeWithoutClone@resource://gre/modules/ExtensionCommon.jsm:622:13
wrapPromise/<@resource://gre/modules/ExtensionCommon.jsm:829:22
]]
Extension error: TypeError: documentTitleResponse is undefined moz-extension://4ae0e11e-4a2c-46fc-b199-efbcac85efb9/background.js 11601
[[Exception stack
this.AternityExtension.background</TabsMonitoring.prototype.scheduleUpdateDocumentTitleInFrames/<@moz-extension://4ae0e11e-4a2c-46fc-b199-efbcac85efb9/background.js:11601:17
sendMessageToTab/<@moz-extension://4ae0e11e-4a2c-46fc-b199-efbcac85efb9/background.js:3777:24
Current stack
applySafeWithoutClone@resource://gre/modules/ExtensionCommon.jsm:622:13
wrapPromise/<@resource://gre/modules/ExtensionCommon.jsm:829:22
]]
Extension error: TypeError: documentTitleResponse is undefined moz-extension://4ae0e11e-4a2c-46fc-b199-efbcac85efb9/background.js 11601
[[Exception stack
this.AternityExtension.background</TabsMonitoring.prototype.scheduleUpdateDocumentTitleInFrames/<@moz-extension://4ae0e11e-4a2c-46fc-b199-efbcac85efb9/background.js:11601:17
sendMessageToTab/<@moz-extension://4ae0e11e-4a2c-46fc-b199-efbcac85efb9/background.js:3777:24
Current stack
applySafeWithoutClone@resource://gre/modules/ExtensionCommon.jsm:622:13
wrapPromise/<@resource://gre/modules/ExtensionCommon.jsm:829:22
]]
console.warn: LoginRecipes: "getRecipes: falling back to a synchronous message for:" "https://account.magento.com"
SourceActor threw an exception: [Exception... "Component returned failure code: 0x80470002 (NS_BASE_STREAM_CLOSED) [nsIInputStream.available]"  nsresult: "0x80470002 (NS_BASE_STREAM_CLOSED)"  location: "JS frame :: resource://devtools/shared/DevToolsUtils.js :: onResponse :: line 567"  data: no]
Stack: onResponse@resource://devtools/shared/DevToolsUtils.js:567:34
onStopRequest@resource://gre/modules/NetUtil.jsm:128:18
Line: 567, column: 0
console.error: ({})
JavaScript error: resource://devtools/shared/DevToolsUtils.js, line 567: NS_BASE_STREAM_CLOSED: Component returned failure code: 0x80470002 (NS_BASE_STREAM_CLOSED) [nsIInputStream.available]
console.warn: LoginRecipes: "getRecipes: falling back to a synchronous message for:" "https://account.magento.com"
IPDL protocol error: Handler returned error code!

###!!! [Parent][DispatchAsyncMessage] Error: PLayerTransaction::Msg_ReleaseLayer Processing error: message was deserialized, but the handler returned false (indicating failure)

IPDL protocol error: Handler returned error code!

###!!! [Parent][DispatchAsyncMessage] Error: PLayerTransaction::Msg_ReleaseLayer Processing error: message was deserialized, but the handler returned false (indicating failure)

IPDL protocol error: Handler returned error code!

###!!! [Parent][DispatchAsyncMessage] Error: PLayerTransaction::Msg_ReleaseLayer Processing error: message was deserialized, but the handler returned false (indicating failure)

IPDL protocol error: Handler returned error code!

###!!! [Parent][DispatchAsyncMessage] Error: PLayerTransaction::Msg_ReleaseLayer Processing error: message was deserialized, but the handler returned false (indicating failure)

IPDL protocol error: Handler returned error code!

###!!! [Parent][DispatchAsyncMessage] Error: PLayerTransaction::Msg_ReleaseLayer Processing error: message was deserialized, but the handler returned false (indicating failure)

IPDL protocol error: Handler returned error code!

###!!! [Parent][DispatchAsyncMessage] Error: PLayerTransaction::Msg_ReleaseLayer Processing error: message was deserialized, but the handler returned false (indicating failure)

IPDL protocol error: Handler returned error code!

###!!! [Parent][DispatchAsyncMessage] Error: PLayerTransaction::Msg_ReleaseLayer Processing error: message was deserialized, but the handler returned false (indicating failure)

IPDL protocol error: Handler returned error code!

###!!! [Parent][DispatchAsyncMessage] Error: PLayerTransaction::Msg_ReleaseLayer Processing error: message was deserialized, but the handler returned false (indicating failure)

IPDL protocol error: Handler returned error code!

###!!! [Parent][DispatchAsyncMessage] Error: PLayerTransaction::Msg_ReleaseLayer Processing error: message was deserialized, but the handler returned false (indicating failure)

IPDL protocol error: Handler returned error code!

###!!! [Parent][DispatchAsyncMessage] Error: PLayerTransaction::Msg_ReleaseLayer Processing error: message was deserialized, but the handler returned false (indicating failure)

IPDL protocol error: Handler returned error code!

###!!! [Parent][DispatchAsyncMessage] Error: PLayerTransaction::Msg_ReleaseLayer Processing error: message was deserialized, but the handler returned false (indicating failure)

IPDL protocol error: Handler returned error code!

###!!! [Parent][DispatchAsyncMessage] Error: PLayerTransaction::Msg_ReleaseLayer Processing error: message was deserialized, but the handler returned false (indicating failure)

IPDL protocol error: Handler returned error code!

###!!! [Parent][DispatchAsyncMessage] Error: PLayerTransaction::Msg_ReleaseLayer Processing error: message was deserialized, but the handler returned false (indicating failure)


###!!! [Child][RunMessage] Error: Channel closing: too late to send/recv, messages will be lost

1616389909270	Marionette	INFO	Stopped listening on port 58507
