1616389329863	geckodriver	INFO	Listening on 127.0.0.1:60011
1616389332883	mozrunner::runner	INFO	Running command: "C:\\Program Files\\Mozilla Firefox\\firefox.exe" "--marionette" "-foreground" "-no-remote" "-profile" "C:\\Users\\eavbhat\\AppData\\Local\\Temp\\rust_mozprofileuKGrlI"
console.warn: SearchSettings: "get: No settings file exists, new profile?" (new Error("", "(unknown module)"))
1616389336824	Marionette	INFO	Listening on port 60020
1616389337069	Marionette	WARN	TLS certificate errors will be ignored for this session
Extension error: TypeError: documentTitleResponse is undefined moz-extension://86c38bd9-da97-4470-8318-4e50c93457ee/background.js 11601
[[Exception stack
this.AternityExtension.background</TabsMonitoring.prototype.scheduleUpdateDocumentTitleInFrames/<@moz-extension://86c38bd9-da97-4470-8318-4e50c93457ee/background.js:11601:17
sendMessageToTab/<@moz-extension://86c38bd9-da97-4470-8318-4e50c93457ee/background.js:3777:24
Current stack
applySafeWithoutClone@resource://gre/modules/ExtensionCommon.jsm:622:13
wrapPromise/<@resource://gre/modules/ExtensionCommon.jsm:829:22
]]
JavaScript error: https://magento.com/sites/default/files8/js/optimized/js_6PLu4riE-2dcDQ5QPzuCrl_1JQZAazd43aQw_AQJYoY.MCC6N0i77U9I5vT__eAxvlhWqW3_GnTjR2969C9__zc.js?qq857f, line 9: TypeError: id is undefined
Extension error: TypeError: documentTitleResponse is undefined moz-extension://86c38bd9-da97-4470-8318-4e50c93457ee/background.js 11601
[[Exception stack
this.AternityExtension.background</TabsMonitoring.prototype.scheduleUpdateDocumentTitleInFrames/<@moz-extension://86c38bd9-da97-4470-8318-4e50c93457ee/background.js:11601:17
sendMessageToTab/<@moz-extension://86c38bd9-da97-4470-8318-4e50c93457ee/background.js:3777:24
Current stack
applySafeWithoutClone@resource://gre/modules/ExtensionCommon.jsm:622:13
wrapPromise/<@resource://gre/modules/ExtensionCommon.jsm:829:22
]]
Extension error: TypeError: documentTitleResponse is undefined moz-extension://86c38bd9-da97-4470-8318-4e50c93457ee/background.js 11601
[[Exception stack
this.AternityExtension.background</TabsMonitoring.prototype.scheduleUpdateDocumentTitleInFrames/<@moz-extension://86c38bd9-da97-4470-8318-4e50c93457ee/background.js:11601:17
sendMessageToTab/<@moz-extension://86c38bd9-da97-4470-8318-4e50c93457ee/background.js:3777:24
Current stack
applySafeWithoutClone@resource://gre/modules/ExtensionCommon.jsm:622:13
wrapPromise/<@resource://gre/modules/ExtensionCommon.jsm:829:22
]]
Extension error: TypeError: documentTitleResponse is undefined moz-extension://86c38bd9-da97-4470-8318-4e50c93457ee/background.js 11601
[[Exception stack
this.AternityExtension.background</TabsMonitoring.prototype.scheduleUpdateDocumentTitleInFrames/<@moz-extension://86c38bd9-da97-4470-8318-4e50c93457ee/background.js:11601:17
sendMessageToTab/<@moz-extension://86c38bd9-da97-4470-8318-4e50c93457ee/background.js:3777:24
Current stack
applySafeWithoutClone@resource://gre/modules/ExtensionCommon.jsm:622:13
wrapPromise/<@resource://gre/modules/ExtensionCommon.jsm:829:22
]]
1616389359257	Marionette	WARN	TimedPromise timed out after 500 ms: stacktrace:
TimedPromise/<@chrome://marionette/content/sync.js:231:19
TimedPromise@chrome://marionette/content/sync.js:216:10
interaction.flushEventLoop@chrome://marionette/content/interaction.js:433:10
webdriverClickElement@chrome://marionette/content/interaction.js:179:31
Extension error: TypeError: documentTitleResponse is undefined moz-extension://86c38bd9-da97-4470-8318-4e50c93457ee/background.js 11601
[[Exception stack
this.AternityExtension.background</TabsMonitoring.prototype.scheduleUpdateDocumentTitleInFrames/<@moz-extension://86c38bd9-da97-4470-8318-4e50c93457ee/background.js:11601:17
sendMessageToTab/<@moz-extension://86c38bd9-da97-4470-8318-4e50c93457ee/background.js:3777:24
Current stack
applySafeWithoutClone@resource://gre/modules/ExtensionCommon.jsm:622:13
wrapPromise/<@resource://gre/modules/ExtensionCommon.jsm:829:22
]]
Extension error: TypeError: documentTitleResponse is undefined moz-extension://86c38bd9-da97-4470-8318-4e50c93457ee/background.js 11601
[[Exception stack
this.AternityExtension.background</TabsMonitoring.prototype.scheduleUpdateDocumentTitleInFrames/<@moz-extension://86c38bd9-da97-4470-8318-4e50c93457ee/background.js:11601:17
sendMessageToTab/<@moz-extension://86c38bd9-da97-4470-8318-4e50c93457ee/background.js:3777:24
Current stack
applySafeWithoutClone@resource://gre/modules/ExtensionCommon.jsm:622:13
wrapPromise/<@resource://gre/modules/ExtensionCommon.jsm:829:22
]]
Extension error: TypeError: documentTitleResponse is undefined moz-extension://86c38bd9-da97-4470-8318-4e50c93457ee/background.js 11601
[[Exception stack
this.AternityExtension.background</TabsMonitoring.prototype.scheduleUpdateDocumentTitleInFrames/<@moz-extension://86c38bd9-da97-4470-8318-4e50c93457ee/background.js:11601:17
sendMessageToTab/<@moz-extension://86c38bd9-da97-4470-8318-4e50c93457ee/background.js:3777:24
Current stack
applySafeWithoutClone@resource://gre/modules/ExtensionCommon.jsm:622:13
wrapPromise/<@resource://gre/modules/ExtensionCommon.jsm:829:22
]]
JavaScript error: https://account.magento.com/static/version20210318163135/frontend/McStore/base/en_US/jquery/jquery.validate.js, line 556: TypeError: $.validator.methods[method] is undefined
JavaScript error: https://account.magento.com/static/version20210318163135/frontend/McStore/base/en_US/jquery/jquery.validate.js, line 556: TypeError: $.validator.methods[method] is undefined
JavaScript error: https://account.magento.com/static/version20210318163135/frontend/McStore/base/en_US/jquery/jquery.validate.js, line 556: TypeError: $.validator.methods[method] is undefined
JavaScript error: https://account.magento.com/static/version20210318163135/frontend/McStore/base/en_US/jquery/jquery.validate.js, line 556: TypeError: $.validator.methods[method] is undefined
JavaScript error: https://account.magento.com/static/version20210318163135/frontend/McStore/base/en_US/jquery/jquery.validate.js, line 556: TypeError: $.validator.methods[method] is undefined
JavaScript error: https://account.magento.com/static/version20210318163135/frontend/McStore/base/en_US/requirejs/require.js, line 166: Error: Script error for: Magento_Ui/js/core/renderer/types
http://requirejs.org/docs/errors.html#scripterror
JavaScript error: https://account.magento.com/static/version20210318163135/frontend/McStore/base/en_US/requirejs/require.js, line 166: Error: Script error for: Magento_Ui/js/core/renderer/layout
http://requirejs.org/docs/errors.html#scripterror
JavaScript error: https://account.magento.com/static/version20210318163135/frontend/McStore/base/en_US/requirejs/require.js, line 166: Error: Script error for: mage/url
http://requirejs.org/docs/errors.html#scripterror
JavaScript error: https://account.magento.com/static/version20210318163135/frontend/McStore/base/en_US/requirejs/require.js, line 166: Error: Script error for: mage/storage
http://requirejs.org/docs/errors.html#scripterror
JavaScript error: https://account.magento.com/static/version20210318163135/frontend/McStore/base/en_US/requirejs/require.js, line 166: Error: Script error for: Magento_OrderHistorySearch/js/validation
http://requirejs.org/docs/errors.html#scripterror
JavaScript error: https://account.magento.com/static/version20210318163135/frontend/McStore/base/en_US/requirejs/require.js, line 166: Error: Script error for: Magento_CompanyCredit/js/validation
http://requirejs.org/docs/errors.html#scripterror
JavaScript error: https://account.magento.com/static/version20210318163135/frontend/McStore/base/en_US/requirejs/require.js, line 166: Error: Script error for: Dotdigitalgroup_Sms/js/telephoneValidatorAddress
http://requirejs.org/docs/errors.html#scripterror
JavaScript error: https://account.magento.com/static/version20210318163135/frontend/McStore/base/en_US/requirejs/require.js, line 166: Error: Script error for: Magento_Company/js/validation
http://requirejs.org/docs/errors.html#scripterror
Extension error: TypeError: documentTitleResponse is undefined moz-extension://86c38bd9-da97-4470-8318-4e50c93457ee/background.js 11601
[[Exception stack
this.AternityExtension.background</TabsMonitoring.prototype.scheduleUpdateDocumentTitleInFrames/<@moz-extension://86c38bd9-da97-4470-8318-4e50c93457ee/background.js:11601:17
sendMessageToTab/<@moz-extension://86c38bd9-da97-4470-8318-4e50c93457ee/background.js:3777:24
Current stack
applySafeWithoutClone@resource://gre/modules/ExtensionCommon.jsm:622:13
wrapPromise/<@resource://gre/modules/ExtensionCommon.jsm:829:22
]]
Extension error: TypeError: documentTitleResponse is undefined moz-extension://86c38bd9-da97-4470-8318-4e50c93457ee/background.js 11601
[[Exception stack
this.AternityExtension.background</TabsMonitoring.prototype.scheduleUpdateDocumentTitleInFrames/<@moz-extension://86c38bd9-da97-4470-8318-4e50c93457ee/background.js:11601:17
sendMessageToTab/<@moz-extension://86c38bd9-da97-4470-8318-4e50c93457ee/background.js:3777:24
Current stack
applySafeWithoutClone@resource://gre/modules/ExtensionCommon.jsm:622:13
wrapPromise/<@resource://gre/modules/ExtensionCommon.jsm:829:22
]]
Extension error: TypeError: documentTitleResponse is undefined moz-extension://86c38bd9-da97-4470-8318-4e50c93457ee/background.js 11601
[[Exception stack
this.AternityExtension.background</TabsMonitoring.prototype.scheduleUpdateDocumentTitleInFrames/<@moz-extension://86c38bd9-da97-4470-8318-4e50c93457ee/background.js:11601:17
sendMessageToTab/<@moz-extension://86c38bd9-da97-4470-8318-4e50c93457ee/background.js:3777:24
Current stack
applySafeWithoutClone@resource://gre/modules/ExtensionCommon.jsm:622:13
wrapPromise/<@resource://gre/modules/ExtensionCommon.jsm:829:22
]]
Extension error: TypeError: documentTitleResponse is undefined moz-extension://86c38bd9-da97-4470-8318-4e50c93457ee/background.js 11601
[[Exception stack
this.AternityExtension.background</TabsMonitoring.prototype.scheduleUpdateDocumentTitleInFrames/<@moz-extension://86c38bd9-da97-4470-8318-4e50c93457ee/background.js:11601:17
sendMessageToTab/<@moz-extension://86c38bd9-da97-4470-8318-4e50c93457ee/background.js:3777:24
Current stack
applySafeWithoutClone@resource://gre/modules/ExtensionCommon.jsm:622:13
wrapPromise/<@resource://gre/modules/ExtensionCommon.jsm:829:22
]]
JavaScript error: resource://devtools/shared/protocol/Front.js, line 99: Error: Connection closed, pending request to server0.conn0.child3/domnode98, type setNodeValue failed

Request stack:
request@resource://devtools/shared/protocol/Front.js:288:14
generateRequestMethods/</frontProto[name]@resource://devtools/shared/protocol/Front/FrontClassWithSpec.js:46:19
showTextEditor/done/</<@resource://devtools/client/inspector/markup/views/text-editor.js:101:25
do@resource://devtools/client/shared/undo.js:70:16
endBatch@resource://devtools/client/shared/undo.js:81:11
do@resource://devtools/client/shared/undo.js:93:10
showTextEditor/done/<@resource://devtools/client/inspector/markup/views/text-editor.js:99:31
process@resource://gre/modules/Promise-backend.js:961:38
walkerLoop@resource://gre/modules/Promise-backend.js:845:29
Promise*scheduleWalkerLoop@resource://gre/modules/Promise-backend.js:775:19
schedulePromise@resource://gre/modules/Promise-backend.js:809:12
completePromise@resource://gre/modules/Promise-backend.js:741:12

IPDL protocol error: Handler returned error code!

###!!! [Parent][DispatchAsyncMessage] Error: PLayerTransaction::Msg_ReleaseLayer Processing error: message was deserialized, but the handler returned false (indicating failure)

IPDL protocol error: Handler returned error code!

###!!! [Parent][DispatchAsyncMessage] Error: PLayerTransaction::Msg_ReleaseLayer Processing error: message was deserialized, but the handler returned false (indicating failure)

IPDL protocol error: Handler returned error code!

###!!! [Parent][DispatchAsyncMessage] Error: PLayerTransaction::Msg_ReleaseLayer Processing error: message was deserialized, but the handler returned false (indicating failure)

IPDL protocol error: Handler returned error code!

###!!! [Parent][DispatchAsyncMessage] Error: PLayerTransaction::Msg_ReleaseLayer Processing error: message was deserialized, but the handler returned false (indicating failure)

IPDL protocol error: Handler returned error code!

###!!! [Parent][DispatchAsyncMessage] Error: PLayerTransaction::Msg_ReleaseLayer Processing error: message was deserialized, but the handler returned false (indicating failure)

IPDL protocol error: Handler returned error code!

###!!! [Parent][DispatchAsyncMessage] Error: PLayerTransaction::Msg_ReleaseLayer Processing error: message was deserialized, but the handler returned false (indicating failure)

IPDL protocol error: Handler returned error code!

###!!! [Parent][DispatchAsyncMessage] Error: PLayerTransaction::Msg_ReleaseLayer Processing error: message was deserialized, but the handler returned false (indicating failure)

IPDL protocol error: Handler returned error code!

###!!! [Parent][DispatchAsyncMessage] Error: PLayerTransaction::Msg_ReleaseLayer Processing error: message was deserialized, but the handler returned false (indicating failure)

IPDL protocol error: Handler returned error code!

###!!! [Parent][DispatchAsyncMessage] Error: PLayerTransaction::Msg_ReleaseLayer Processing error: message was deserialized, but the handler returned false (indicating failure)

1616389912567	Marionette	INFO	Stopped listening on port 60020
