1616389044063	geckodriver	INFO	Listening on 127.0.0.1:59025
1616389046951	mozrunner::runner	INFO	Running command: "C:\\Program Files\\Mozilla Firefox\\firefox.exe" "--marionette" "-foreground" "-no-remote" "-profile" "C:\\Users\\eavbhat\\AppData\\Local\\Temp\\rust_mozprofileXoWEqp"
console.warn: SearchSettings: "get: No settings file exists, new profile?" (new Error("", "(unknown module)"))
1616389050564	Marionette	INFO	Listening on port 59035
1616389050631	Marionette	WARN	TLS certificate errors will be ignored for this session
Extension error: TypeError: documentTitleResponse is undefined moz-extension://520b611f-f405-4e94-83ab-294fae2714ce/background.js 11601
[[Exception stack
this.AternityExtension.background</TabsMonitoring.prototype.scheduleUpdateDocumentTitleInFrames/<@moz-extension://520b611f-f405-4e94-83ab-294fae2714ce/background.js:11601:17
sendMessageToTab/<@moz-extension://520b611f-f405-4e94-83ab-294fae2714ce/background.js:3777:24
Current stack
applySafeWithoutClone@resource://gre/modules/ExtensionCommon.jsm:622:13
wrapPromise/<@resource://gre/modules/ExtensionCommon.jsm:829:22
]]
Extension error: TypeError: documentTitleResponse is undefined moz-extension://520b611f-f405-4e94-83ab-294fae2714ce/background.js 11601
[[Exception stack
this.AternityExtension.background</TabsMonitoring.prototype.scheduleUpdateDocumentTitleInFrames/<@moz-extension://520b611f-f405-4e94-83ab-294fae2714ce/background.js:11601:17
sendMessageToTab/<@moz-extension://520b611f-f405-4e94-83ab-294fae2714ce/background.js:3777:24
Current stack
applySafeWithoutClone@resource://gre/modules/ExtensionCommon.jsm:622:13
wrapPromise/<@resource://gre/modules/ExtensionCommon.jsm:829:22
]]
Extension error: TypeError: documentTitleResponse is undefined moz-extension://520b611f-f405-4e94-83ab-294fae2714ce/background.js 11601
[[Exception stack
this.AternityExtension.background</TabsMonitoring.prototype.scheduleUpdateDocumentTitleInFrames/<@moz-extension://520b611f-f405-4e94-83ab-294fae2714ce/background.js:11601:17
sendMessageToTab/<@moz-extension://520b611f-f405-4e94-83ab-294fae2714ce/background.js:3777:24
Current stack
applySafeWithoutClone@resource://gre/modules/ExtensionCommon.jsm:622:13
wrapPromise/<@resource://gre/modules/ExtensionCommon.jsm:829:22
]]
JavaScript error: https://magento.com/sites/default/files8/js/optimized/js_6PLu4riE-2dcDQ5QPzuCrl_1JQZAazd43aQw_AQJYoY.MCC6N0i77U9I5vT__eAxvlhWqW3_GnTjR2969C9__zc.js?qq857f, line 9: TypeError: id is undefined
Extension error: TypeError: documentTitleResponse is undefined moz-extension://520b611f-f405-4e94-83ab-294fae2714ce/background.js 11601
[[Exception stack
this.AternityExtension.background</TabsMonitoring.prototype.scheduleUpdateDocumentTitleInFrames/<@moz-extension://520b611f-f405-4e94-83ab-294fae2714ce/background.js:11601:17
sendMessageToTab/<@moz-extension://520b611f-f405-4e94-83ab-294fae2714ce/background.js:3777:24
Current stack
applySafeWithoutClone@resource://gre/modules/ExtensionCommon.jsm:622:13
wrapPromise/<@resource://gre/modules/ExtensionCommon.jsm:829:22
]]
Extension error: TypeError: documentTitleResponse is undefined moz-extension://520b611f-f405-4e94-83ab-294fae2714ce/background.js 11601
[[Exception stack
this.AternityExtension.background</TabsMonitoring.prototype.scheduleUpdateDocumentTitleInFrames/<@moz-extension://520b611f-f405-4e94-83ab-294fae2714ce/background.js:11601:17
sendMessageToTab/<@moz-extension://520b611f-f405-4e94-83ab-294fae2714ce/background.js:3777:24
Current stack
applySafeWithoutClone@resource://gre/modules/ExtensionCommon.jsm:622:13
wrapPromise/<@resource://gre/modules/ExtensionCommon.jsm:829:22
]]
Extension error: TypeError: documentTitleResponse is undefined moz-extension://520b611f-f405-4e94-83ab-294fae2714ce/background.js 11601
[[Exception stack
this.AternityExtension.background</TabsMonitoring.prototype.scheduleUpdateDocumentTitleInFrames/<@moz-extension://520b611f-f405-4e94-83ab-294fae2714ce/background.js:11601:17
sendMessageToTab/<@moz-extension://520b611f-f405-4e94-83ab-294fae2714ce/background.js:3777:24
Current stack
applySafeWithoutClone@resource://gre/modules/ExtensionCommon.jsm:622:13
wrapPromise/<@resource://gre/modules/ExtensionCommon.jsm:829:22
]]
JavaScript error: , line 0: uncaught exception: error
1616389061760	Marionette	WARN	TimedPromise timed out after 500 ms: stacktrace:
TimedPromise/<@chrome://marionette/content/sync.js:231:19
TimedPromise@chrome://marionette/content/sync.js:216:10
interaction.flushEventLoop@chrome://marionette/content/interaction.js:433:10
webdriverClickElement@chrome://marionette/content/interaction.js:179:31
JavaScript error: https://fast.wistia.com/assets/external/E-v1.js, line 1: uncaught exception: error
Extension error: TypeError: documentTitleResponse is undefined moz-extension://520b611f-f405-4e94-83ab-294fae2714ce/background.js 11601
[[Exception stack
this.AternityExtension.background</TabsMonitoring.prototype.scheduleUpdateDocumentTitleInFrames/<@moz-extension://520b611f-f405-4e94-83ab-294fae2714ce/background.js:11601:17
sendMessageToTab/<@moz-extension://520b611f-f405-4e94-83ab-294fae2714ce/background.js:3777:24
Current stack
applySafeWithoutClone@resource://gre/modules/ExtensionCommon.jsm:622:13
wrapPromise/<@resource://gre/modules/ExtensionCommon.jsm:829:22
]]
Extension error: TypeError: documentTitleResponse is undefined moz-extension://520b611f-f405-4e94-83ab-294fae2714ce/background.js 11601
[[Exception stack
this.AternityExtension.background</TabsMonitoring.prototype.scheduleUpdateDocumentTitleInFrames/<@moz-extension://520b611f-f405-4e94-83ab-294fae2714ce/background.js:11601:17
sendMessageToTab/<@moz-extension://520b611f-f405-4e94-83ab-294fae2714ce/background.js:3777:24
Current stack
applySafeWithoutClone@resource://gre/modules/ExtensionCommon.jsm:622:13
wrapPromise/<@resource://gre/modules/ExtensionCommon.jsm:829:22
]]
JavaScript error: https://account.magento.com/static/version20210318163135/frontend/McStore/base/en_US/jquery/jquery.validate.js, line 556: TypeError: $.validator.methods[method] is undefined
JavaScript error: https://account.magento.com/static/version20210318163135/frontend/McStore/base/en_US/jquery/jquery.validate.js, line 556: TypeError: $.validator.methods[method] is undefined
Extension error: TypeError: documentTitleResponse is undefined moz-extension://520b611f-f405-4e94-83ab-294fae2714ce/background.js 11601
[[Exception stack
this.AternityExtension.background</TabsMonitoring.prototype.scheduleUpdateDocumentTitleInFrames/<@moz-extension://520b611f-f405-4e94-83ab-294fae2714ce/background.js:11601:17
sendMessageToTab/<@moz-extension://520b611f-f405-4e94-83ab-294fae2714ce/background.js:3777:24
Current stack
applySafeWithoutClone@resource://gre/modules/ExtensionCommon.jsm:622:13
wrapPromise/<@resource://gre/modules/ExtensionCommon.jsm:829:22
]]
JavaScript error: https://account.magento.com/static/version20210318163135/frontend/McStore/base/en_US/jquery/jquery.validate.js, line 556: TypeError: $.validator.methods[method] is undefined
JavaScript error: https://account.magento.com/static/version20210318163135/frontend/McStore/base/en_US/jquery/jquery.validate.js, line 556: TypeError: $.validator.methods[method] is undefined
JavaScript error: https://account.magento.com/static/version20210318163135/frontend/McStore/base/en_US/jquery/jquery.validate.js, line 556: TypeError: $.validator.methods[method] is undefined
JavaScript error: https://account.magento.com/static/version20210318163135/frontend/McStore/base/en_US/requirejs/require.js, line 166: Error: Script error for: Magento_OrderHistorySearch/js/validation
http://requirejs.org/docs/errors.html#scripterror
JavaScript error: https://account.magento.com/static/version20210318163135/frontend/McStore/base/en_US/requirejs/require.js, line 166: Error: Script error for: Magento_Company/js/validation
http://requirejs.org/docs/errors.html#scripterror
JavaScript error: https://account.magento.com/static/version20210318163135/frontend/McStore/base/en_US/requirejs/require.js, line 166: Error: Script error for: Magento_Ui/js/core/renderer/types
http://requirejs.org/docs/errors.html#scripterror
JavaScript error: https://account.magento.com/static/version20210318163135/frontend/McStore/base/en_US/requirejs/require.js, line 166: Error: Script error for: mage/url
http://requirejs.org/docs/errors.html#scripterror
JavaScript error: https://account.magento.com/static/version20210318163135/frontend/McStore/base/en_US/requirejs/require.js, line 166: Error: Script error for: Magento_CompanyCredit/js/validation
http://requirejs.org/docs/errors.html#scripterror
JavaScript error: https://account.magento.com/static/version20210318163135/frontend/McStore/base/en_US/requirejs/require.js, line 166: Error: Script error for: Dotdigitalgroup_Sms/js/telephoneValidatorAddress
http://requirejs.org/docs/errors.html#scripterror
JavaScript error: https://account.magento.com/static/version20210318163135/frontend/McStore/base/en_US/requirejs/require.js, line 166: Error: Script error for: Magento_Ui/js/core/renderer/layout
http://requirejs.org/docs/errors.html#scripterror
JavaScript error: https://account.magento.com/static/version20210318163135/frontend/McStore/base/en_US/requirejs/require.js, line 166: Error: Script error for: mage/storage
http://requirejs.org/docs/errors.html#scripterror
Extension error: TypeError: documentTitleResponse is undefined moz-extension://520b611f-f405-4e94-83ab-294fae2714ce/background.js 11601
[[Exception stack
this.AternityExtension.background</TabsMonitoring.prototype.scheduleUpdateDocumentTitleInFrames/<@moz-extension://520b611f-f405-4e94-83ab-294fae2714ce/background.js:11601:17
sendMessageToTab/<@moz-extension://520b611f-f405-4e94-83ab-294fae2714ce/background.js:3777:24
Current stack
applySafeWithoutClone@resource://gre/modules/ExtensionCommon.jsm:622:13
wrapPromise/<@resource://gre/modules/ExtensionCommon.jsm:829:22
]]
Extension error: TypeError: documentTitleResponse is undefined moz-extension://520b611f-f405-4e94-83ab-294fae2714ce/background.js 11601
[[Exception stack
this.AternityExtension.background</TabsMonitoring.prototype.scheduleUpdateDocumentTitleInFrames/<@moz-extension://520b611f-f405-4e94-83ab-294fae2714ce/background.js:11601:17
sendMessageToTab/<@moz-extension://520b611f-f405-4e94-83ab-294fae2714ce/background.js:3777:24
Current stack
applySafeWithoutClone@resource://gre/modules/ExtensionCommon.jsm:622:13
wrapPromise/<@resource://gre/modules/ExtensionCommon.jsm:829:22
]]
Extension error: TypeError: documentTitleResponse is undefined moz-extension://520b611f-f405-4e94-83ab-294fae2714ce/background.js 11601
[[Exception stack
this.AternityExtension.background</TabsMonitoring.prototype.scheduleUpdateDocumentTitleInFrames/<@moz-extension://520b611f-f405-4e94-83ab-294fae2714ce/background.js:11601:17
sendMessageToTab/<@moz-extension://520b611f-f405-4e94-83ab-294fae2714ce/background.js:3777:24
Current stack
applySafeWithoutClone@resource://gre/modules/ExtensionCommon.jsm:622:13
wrapPromise/<@resource://gre/modules/ExtensionCommon.jsm:829:22
]]
Extension error: TypeError: documentTitleResponse is undefined moz-extension://520b611f-f405-4e94-83ab-294fae2714ce/background.js 11601
[[Exception stack
this.AternityExtension.background</TabsMonitoring.prototype.scheduleUpdateDocumentTitleInFrames/<@moz-extension://520b611f-f405-4e94-83ab-294fae2714ce/background.js:11601:17
sendMessageToTab/<@moz-extension://520b611f-f405-4e94-83ab-294fae2714ce/background.js:3777:24
Current stack
applySafeWithoutClone@resource://gre/modules/ExtensionCommon.jsm:622:13
wrapPromise/<@resource://gre/modules/ExtensionCommon.jsm:829:22
]]
console.warn: "fetching media rules failed" (new Error("Connection closed, pending request to server0.conn0.child3/stylesheet33, type getMediaRules failed\n\nRequest stack:\nrequest@resource://devtools/shared/protocol/Front.js:288:14\ngenerateRequestMethods/</frontProto[name]@resource://devtools/shared/protocol/Front/FrontClassWithSpec.js:46:19\nonStyleSheetAdded@resource://devtools/shared/resources/legacy-listeners/stylesheet.js:17:37\nmodule.exports/<@resource://devtools/shared/resources/legacy-listeners/stylesheet.js:105:28\nmodule.exports@resource://devtools/shared/resources/legacy-listeners/stylesheet.js:104:21\npermitUnload@chrome://global/content/elements/browser-custom-element.js:1681:21\nCanCloseWindow@chrome://browser/content/browser.js:7761:36\nWindowIsClosing@chrome://browser/content/browser.js:7778:7\nBrowserTryToCloseWindow@chrome://browser/content/browser.js:3013:7\noncommand@chrome://browser/content/browser.xhtml:1:1\n", "resource://devtools/shared/protocol/Front.js", 99))
console.warn: "fetching media rules failed" (new Error("Connection closed, pending request to server0.conn0.child3/stylesheet35, type getMediaRules failed\n\nRequest stack:\nrequest@resource://devtools/shared/protocol/Front.js:288:14\ngenerateRequestMethods/</frontProto[name]@resource://devtools/shared/protocol/Front/FrontClassWithSpec.js:46:19\nonStyleSheetAdded@resource://devtools/shared/resources/legacy-listeners/stylesheet.js:17:37\nmodule.exports/<@resource://devtools/shared/resources/legacy-listeners/stylesheet.js:105:28\nmodule.exports@resource://devtools/shared/resources/legacy-listeners/stylesheet.js:104:21\npermitUnload@chrome://global/content/elements/browser-custom-element.js:1681:21\nCanCloseWindow@chrome://browser/content/browser.js:7761:36\nWindowIsClosing@chrome://browser/content/browser.js:7778:7\nBrowserTryToCloseWindow@chrome://browser/content/browser.js:3013:7\noncommand@chrome://browser/content/browser.xhtml:1:1\n", "resource://devtools/shared/protocol/Front.js", 99))
console.warn: "fetching media rules failed" (new Error("Connection closed, pending request to server0.conn0.child3/stylesheet39, type getMediaRules failed\n\nRequest stack:\nrequest@resource://devtools/shared/protocol/Front.js:288:14\ngenerateRequestMethods/</frontProto[name]@resource://devtools/shared/protocol/Front/FrontClassWithSpec.js:46:19\nonStyleSheetAdded@resource://devtools/shared/resources/legacy-listeners/stylesheet.js:17:37\nmodule.exports/<@resource://devtools/shared/resources/legacy-listeners/stylesheet.js:105:28\nmodule.exports@resource://devtools/shared/resources/legacy-listeners/stylesheet.js:104:21\npermitUnload@chrome://global/content/elements/browser-custom-element.js:1681:21\nCanCloseWindow@chrome://browser/content/browser.js:7761:36\nWindowIsClosing@chrome://browser/content/browser.js:7778:7\nBrowserTryToCloseWindow@chrome://browser/content/browser.js:3013:7\noncommand@chrome://browser/content/browser.xhtml:1:1\n", "resource://devtools/shared/protocol/Front.js", 99))
console.warn: "fetching media rules failed" (new Error("Connection closed, pending request to server0.conn0.child3/stylesheet41, type getMediaRules failed\n\nRequest stack:\nrequest@resource://devtools/shared/protocol/Front.js:288:14\ngenerateRequestMethods/</frontProto[name]@resource://devtools/shared/protocol/Front/FrontClassWithSpec.js:46:19\nonStyleSheetAdded@resource://devtools/shared/resources/legacy-listeners/stylesheet.js:17:37\nmodule.exports/<@resource://devtools/shared/resources/legacy-listeners/stylesheet.js:105:28\nmodule.exports@resource://devtools/shared/resources/legacy-listeners/stylesheet.js:104:21\npermitUnload@chrome://global/content/elements/browser-custom-element.js:1681:21\nCanCloseWindow@chrome://browser/content/browser.js:7761:36\nWindowIsClosing@chrome://browser/content/browser.js:7778:7\nBrowserTryToCloseWindow@chrome://browser/content/browser.js:3013:7\noncommand@chrome://browser/content/browser.xhtml:1:1\n", "resource://devtools/shared/protocol/Front.js", 99))
console.warn: "fetching media rules failed" (new Error("Connection closed, pending request to server0.conn0.child3/stylesheet43, type getMediaRules failed\n\nRequest stack:\nrequest@resource://devtools/shared/protocol/Front.js:288:14\ngenerateRequestMethods/</frontProto[name]@resource://devtools/shared/protocol/Front/FrontClassWithSpec.js:46:19\nonStyleSheetAdded@resource://devtools/shared/resources/legacy-listeners/stylesheet.js:17:37\nmodule.exports/<@resource://devtools/shared/resources/legacy-listeners/stylesheet.js:105:28\nmodule.exports@resource://devtools/shared/resources/legacy-listeners/stylesheet.js:104:21\npermitUnload@chrome://global/content/elements/browser-custom-element.js:1681:21\nCanCloseWindow@chrome://browser/content/browser.js:7761:36\nWindowIsClosing@chrome://browser/content/browser.js:7778:7\nBrowserTryToCloseWindow@chrome://browser/content/browser.js:3013:7\noncommand@chrome://browser/content/browser.xhtml:1:1\n", "resource://devtools/shared/protocol/Front.js", 99))
console.warn: "fetching media rules failed" (new Error("Connection closed, pending request to server0.conn0.child3/stylesheet45, type getMediaRules failed\n\nRequest stack:\nrequest@resource://devtools/shared/protocol/Front.js:288:14\ngenerateRequestMethods/</frontProto[name]@resource://devtools/shared/protocol/Front/FrontClassWithSpec.js:46:19\nonStyleSheetAdded@resource://devtools/shared/resources/legacy-listeners/stylesheet.js:17:37\nmodule.exports/<@resource://devtools/shared/resources/legacy-listeners/stylesheet.js:105:28\nmodule.exports@resource://devtools/shared/resources/legacy-listeners/stylesheet.js:104:21\npermitUnload@chrome://global/content/elements/browser-custom-element.js:1681:21\nCanCloseWindow@chrome://browser/content/browser.js:7761:36\nWindowIsClosing@chrome://browser/content/browser.js:7778:7\nBrowserTryToCloseWindow@chrome://browser/content/browser.js:3013:7\noncommand@chrome://browser/content/browser.xhtml:1:1\n", "resource://devtools/shared/protocol/Front.js", 99))
console.warn: "fetching media rules failed" (new Error("Connection closed, pending request to server0.conn0.child3/stylesheet49, type getMediaRules failed\n\nRequest stack:\nrequest@resource://devtools/shared/protocol/Front.js:288:14\ngenerateRequestMethods/</frontProto[name]@resource://devtools/shared/protocol/Front/FrontClassWithSpec.js:46:19\nonStyleSheetAdded@resource://devtools/shared/resources/legacy-listeners/stylesheet.js:17:37\nmodule.exports/<@resource://devtools/shared/resources/legacy-listeners/stylesheet.js:105:28\nmodule.exports@resource://devtools/shared/resources/legacy-listeners/stylesheet.js:104:21\npermitUnload@chrome://global/content/elements/browser-custom-element.js:1681:21\nCanCloseWindow@chrome://browser/content/browser.js:7761:36\nWindowIsClosing@chrome://browser/content/browser.js:7778:7\nBrowserTryToCloseWindow@chrome://browser/content/browser.js:3013:7\noncommand@chrome://browser/content/browser.xhtml:1:1\n", "resource://devtools/shared/protocol/Front.js", 99))
console.warn: "fetching media rules failed" (new Error("Connection closed, pending request to server0.conn0.child3/stylesheet51, type getMediaRules failed\n\nRequest stack:\nrequest@resource://devtools/shared/protocol/Front.js:288:14\ngenerateRequestMethods/</frontProto[name]@resource://devtools/shared/protocol/Front/FrontClassWithSpec.js:46:19\nonStyleSheetAdded@resource://devtools/shared/resources/legacy-listeners/stylesheet.js:17:37\nmodule.exports/<@resource://devtools/shared/resources/legacy-listeners/stylesheet.js:105:28\nmodule.exports@resource://devtools/shared/resources/legacy-listeners/stylesheet.js:104:21\npermitUnload@chrome://global/content/elements/browser-custom-element.js:1681:21\nCanCloseWindow@chrome://browser/content/browser.js:7761:36\nWindowIsClosing@chrome://browser/content/browser.js:7778:7\nBrowserTryToCloseWindow@chrome://browser/content/browser.js:3013:7\noncommand@chrome://browser/content/browser.xhtml:1:1\n", "resource://devtools/shared/protocol/Front.js", 99))
console.warn: "fetching media rules failed" (new Error("Connection closed, pending request to server0.conn0.child3/stylesheet55, type getMediaRules failed\n\nRequest stack:\nrequest@resource://devtools/shared/protocol/Front.js:288:14\ngenerateRequestMethods/</frontProto[name]@resource://devtools/shared/protocol/Front/FrontClassWithSpec.js:46:19\nonStyleSheetAdded@resource://devtools/shared/resources/legacy-listeners/stylesheet.js:17:37\nmodule.exports/<@resource://devtools/shared/resources/legacy-listeners/stylesheet.js:105:28\nmodule.exports@resource://devtools/shared/resources/legacy-listeners/stylesheet.js:104:21\npermitUnload@chrome://global/content/elements/browser-custom-element.js:1681:21\nCanCloseWindow@chrome://browser/content/browser.js:7761:36\nWindowIsClosing@chrome://browser/content/browser.js:7778:7\nBrowserTryToCloseWindow@chrome://browser/content/browser.js:3013:7\noncommand@chrome://browser/content/browser.xhtml:1:1\n", "resource://devtools/shared/protocol/Front.js", 99))
console.warn: "fetching media rules failed" (new Error("Connection closed, pending request to server0.conn0.child3/stylesheet57, type getMediaRules failed\n\nRequest stack:\nrequest@resource://devtools/shared/protocol/Front.js:288:14\ngenerateRequestMethods/</frontProto[name]@resource://devtools/shared/protocol/Front/FrontClassWithSpec.js:46:19\nonStyleSheetAdded@resource://devtools/shared/resources/legacy-listeners/stylesheet.js:17:37\nmodule.exports/<@resource://devtools/shared/resources/legacy-listeners/stylesheet.js:105:28\nmodule.exports@resource://devtools/shared/resources/legacy-listeners/stylesheet.js:104:21\npermitUnload@chrome://global/content/elements/browser-custom-element.js:1681:21\nCanCloseWindow@chrome://browser/content/browser.js:7761:36\nWindowIsClosing@chrome://browser/content/browser.js:7778:7\nBrowserTryToCloseWindow@chrome://browser/content/browser.js:3013:7\noncommand@chrome://browser/content/browser.xhtml:1:1\n", "resource://devtools/shared/protocol/Front.js", 99))
console.warn: "fetching media rules failed" (new Error("Connection closed, pending request to server0.conn0.child3/stylesheet59, type getMediaRules failed\n\nRequest stack:\nrequest@resource://devtools/shared/protocol/Front.js:288:14\ngenerateRequestMethods/</frontProto[name]@resource://devtools/shared/protocol/Front/FrontClassWithSpec.js:46:19\nonStyleSheetAdded@resource://devtools/shared/resources/legacy-listeners/stylesheet.js:17:37\nmodule.exports/<@resource://devtools/shared/resources/legacy-listeners/stylesheet.js:105:28\nmodule.exports@resource://devtools/shared/resources/legacy-listeners/stylesheet.js:104:21\npermitUnload@chrome://global/content/elements/browser-custom-element.js:1681:21\nCanCloseWindow@chrome://browser/content/browser.js:7761:36\nWindowIsClosing@chrome://browser/content/browser.js:7778:7\nBrowserTryToCloseWindow@chrome://browser/content/browser.js:3013:7\noncommand@chrome://browser/content/browser.xhtml:1:1\n", "resource://devtools/shared/protocol/Front.js", 99))
console.warn: "fetching media rules failed" (new Error("Connection closed, pending request to server0.conn0.child3/stylesheet61, type getMediaRules failed\n\nRequest stack:\nrequest@resource://devtools/shared/protocol/Front.js:288:14\ngenerateRequestMethods/</frontProto[name]@resource://devtools/shared/protocol/Front/FrontClassWithSpec.js:46:19\nonStyleSheetAdded@resource://devtools/shared/resources/legacy-listeners/stylesheet.js:17:37\nmodule.exports/<@resource://devtools/shared/resources/legacy-listeners/stylesheet.js:105:28\nmodule.exports@resource://devtools/shared/resources/legacy-listeners/stylesheet.js:104:21\npermitUnload@chrome://global/content/elements/browser-custom-element.js:1681:21\nCanCloseWindow@chrome://browser/content/browser.js:7761:36\nWindowIsClosing@chrome://browser/content/browser.js:7778:7\nBrowserTryToCloseWindow@chrome://browser/content/browser.js:3013:7\noncommand@chrome://browser/content/browser.xhtml:1:1\n", "resource://devtools/shared/protocol/Front.js", 99))
console.warn: "fetching media rules failed" (new Error("Connection closed, pending request to server0.conn0.child3/stylesheet65, type getMediaRules failed\n\nRequest stack:\nrequest@resource://devtools/shared/protocol/Front.js:288:14\ngenerateRequestMethods/</frontProto[name]@resource://devtools/shared/protocol/Front/FrontClassWithSpec.js:46:19\nonStyleSheetAdded@resource://devtools/shared/resources/legacy-listeners/stylesheet.js:17:37\nmodule.exports/<@resource://devtools/shared/resources/legacy-listeners/stylesheet.js:105:28\nmodule.exports@resource://devtools/shared/resources/legacy-listeners/stylesheet.js:104:21\npermitUnload@chrome://global/content/elements/browser-custom-element.js:1681:21\nCanCloseWindow@chrome://browser/content/browser.js:7761:36\nWindowIsClosing@chrome://browser/content/browser.js:7778:7\nBrowserTryToCloseWindow@chrome://browser/content/browser.js:3013:7\noncommand@chrome://browser/content/browser.xhtml:1:1\n", "resource://devtools/shared/protocol/Front.js", 99))
console.warn: "fetching media rules failed" (new Error("Connection closed, pending request to server0.conn0.child3/stylesheet68, type getMediaRules failed\n\nRequest stack:\nrequest@resource://devtools/shared/protocol/Front.js:288:14\ngenerateRequestMethods/</frontProto[name]@resource://devtools/shared/protocol/Front/FrontClassWithSpec.js:46:19\nonStyleSheetAdded@resource://devtools/shared/resources/legacy-listeners/stylesheet.js:17:37\nmodule.exports/<@resource://devtools/shared/resources/legacy-listeners/stylesheet.js:105:28\nmodule.exports@resource://devtools/shared/resources/legacy-listeners/stylesheet.js:104:21\npermitUnload@chrome://global/content/elements/browser-custom-element.js:1681:21\nCanCloseWindow@chrome://browser/content/browser.js:7761:36\nWindowIsClosing@chrome://browser/content/browser.js:7778:7\nBrowserTryToCloseWindow@chrome://browser/content/browser.js:3013:7\noncommand@chrome://browser/content/browser.xhtml:1:1\n", "resource://devtools/shared/protocol/Front.js", 99))
console.warn: "fetching media rules failed" (new Error("Connection closed, pending request to server0.conn0.child3/stylesheet122, type getMediaRules failed\n\nRequest stack:\nrequest@resource://devtools/shared/protocol/Front.js:288:14\ngenerateRequestMethods/</frontProto[name]@resource://devtools/shared/protocol/Front/FrontClassWithSpec.js:46:19\nonStyleSheetAdded@resource://devtools/shared/resources/legacy-listeners/stylesheet.js:17:37\nmodule.exports/<@resource://devtools/shared/resources/legacy-listeners/stylesheet.js:105:28\nmodule.exports@resource://devtools/shared/resources/legacy-listeners/stylesheet.js:104:21\npermitUnload@chrome://global/content/elements/browser-custom-element.js:1681:21\nCanCloseWindow@chrome://browser/content/browser.js:7761:36\nWindowIsClosing@chrome://browser/content/browser.js:7778:7\nBrowserTryToCloseWindow@chrome://browser/content/browser.js:3013:7\noncommand@chrome://browser/content/browser.xhtml:1:1\n", "resource://devtools/shared/protocol/Front.js", 99))
console.warn: "fetching media rules failed" (new Error("Connection closed, pending request to server0.conn0.child3/stylesheet123, type getMediaRules failed\n\nRequest stack:\nrequest@resource://devtools/shared/protocol/Front.js:288:14\ngenerateRequestMethods/</frontProto[name]@resource://devtools/shared/protocol/Front/FrontClassWithSpec.js:46:19\nonStyleSheetAdded@resource://devtools/shared/resources/legacy-listeners/stylesheet.js:17:37\nmodule.exports/<@resource://devtools/shared/resources/legacy-listeners/stylesheet.js:105:28\nmodule.exports@resource://devtools/shared/resources/legacy-listeners/stylesheet.js:104:21\npermitUnload@chrome://global/content/elements/browser-custom-element.js:1681:21\nCanCloseWindow@chrome://browser/content/browser.js:7761:36\nWindowIsClosing@chrome://browser/content/browser.js:7778:7\nBrowserTryToCloseWindow@chrome://browser/content/browser.js:3013:7\noncommand@chrome://browser/content/browser.xhtml:1:1\n", "resource://devtools/shared/protocol/Front.js", 99))
console.warn: "fetching media rules failed" (new Error("Connection closed, pending request to server0.conn0.child3/stylesheet124, type getMediaRules failed\n\nRequest stack:\nrequest@resource://devtools/shared/protocol/Front.js:288:14\ngenerateRequestMethods/</frontProto[name]@resource://devtools/shared/protocol/Front/FrontClassWithSpec.js:46:19\nonStyleSheetAdded@resource://devtools/shared/resources/legacy-listeners/stylesheet.js:17:37\nmodule.exports/<@resource://devtools/shared/resources/legacy-listeners/stylesheet.js:105:28\nmodule.exports@resource://devtools/shared/resources/legacy-listeners/stylesheet.js:104:21\npermitUnload@chrome://global/content/elements/browser-custom-element.js:1681:21\nCanCloseWindow@chrome://browser/content/browser.js:7761:36\nWindowIsClosing@chrome://browser/content/browser.js:7778:7\nBrowserTryToCloseWindow@chrome://browser/content/browser.js:3013:7\noncommand@chrome://browser/content/browser.xhtml:1:1\n", "resource://devtools/shared/protocol/Front.js", 99))
console.warn: "fetching media rules failed" (new Error("Connection closed, pending request to server0.conn0.child3/stylesheet125, type getMediaRules failed\n\nRequest stack:\nrequest@resource://devtools/shared/protocol/Front.js:288:14\ngenerateRequestMethods/</frontProto[name]@resource://devtools/shared/protocol/Front/FrontClassWithSpec.js:46:19\nonStyleSheetAdded@resource://devtools/shared/resources/legacy-listeners/stylesheet.js:17:37\nmodule.exports/<@resource://devtools/shared/resources/legacy-listeners/stylesheet.js:105:28\nmodule.exports@resource://devtools/shared/resources/legacy-listeners/stylesheet.js:104:21\npermitUnload@chrome://global/content/elements/browser-custom-element.js:1681:21\nCanCloseWindow@chrome://browser/content/browser.js:7761:36\nWindowIsClosing@chrome://browser/content/browser.js:7778:7\nBrowserTryToCloseWindow@chrome://browser/content/browser.js:3013:7\noncommand@chrome://browser/content/browser.xhtml:1:1\n", "resource://devtools/shared/protocol/Front.js", 99))
console.warn: "fetching media rules failed" (new Error("Connection closed, pending request to server0.conn0.child3/stylesheet126, type getMediaRules failed\n\nRequest stack:\nrequest@resource://devtools/shared/protocol/Front.js:288:14\ngenerateRequestMethods/</frontProto[name]@resource://devtools/shared/protocol/Front/FrontClassWithSpec.js:46:19\nonStyleSheetAdded@resource://devtools/shared/resources/legacy-listeners/stylesheet.js:17:37\nmodule.exports/<@resource://devtools/shared/resources/legacy-listeners/stylesheet.js:105:28\nmodule.exports@resource://devtools/shared/resources/legacy-listeners/stylesheet.js:104:21\npermitUnload@chrome://global/content/elements/browser-custom-element.js:1681:21\nCanCloseWindow@chrome://browser/content/browser.js:7761:36\nWindowIsClosing@chrome://browser/content/browser.js:7778:7\nBrowserTryToCloseWindow@chrome://browser/content/browser.js:3013:7\noncommand@chrome://browser/content/browser.xhtml:1:1\n", "resource://devtools/shared/protocol/Front.js", 99))
console.warn: "fetching media rules failed" (new Error("Connection closed, pending request to server0.conn0.child3/stylesheet127, type getMediaRules failed\n\nRequest stack:\nrequest@resource://devtools/shared/protocol/Front.js:288:14\ngenerateRequestMethods/</frontProto[name]@resource://devtools/shared/protocol/Front/FrontClassWithSpec.js:46:19\nonStyleSheetAdded@resource://devtools/shared/resources/legacy-listeners/stylesheet.js:17:37\nmodule.exports/<@resource://devtools/shared/resources/legacy-listeners/stylesheet.js:105:28\nmodule.exports@resource://devtools/shared/resources/legacy-listeners/stylesheet.js:104:21\npermitUnload@chrome://global/content/elements/browser-custom-element.js:1681:21\nCanCloseWindow@chrome://browser/content/browser.js:7761:36\nWindowIsClosing@chrome://browser/content/browser.js:7778:7\nBrowserTryToCloseWindow@chrome://browser/content/browser.js:3013:7\noncommand@chrome://browser/content/browser.xhtml:1:1\n", "resource://devtools/shared/protocol/Front.js", 99))
console.warn: "fetching media rules failed" (new Error("Connection closed, pending request to server0.conn0.child3/stylesheet128, type getMediaRules failed\n\nRequest stack:\nrequest@resource://devtools/shared/protocol/Front.js:288:14\ngenerateRequestMethods/</frontProto[name]@resource://devtools/shared/protocol/Front/FrontClassWithSpec.js:46:19\nonStyleSheetAdded@resource://devtools/shared/resources/legacy-listeners/stylesheet.js:17:37\nmodule.exports/<@resource://devtools/shared/resources/legacy-listeners/stylesheet.js:105:28\nmodule.exports@resource://devtools/shared/resources/legacy-listeners/stylesheet.js:104:21\npermitUnload@chrome://global/content/elements/browser-custom-element.js:1681:21\nCanCloseWindow@chrome://browser/content/browser.js:7761:36\nWindowIsClosing@chrome://browser/content/browser.js:7778:7\nBrowserTryToCloseWindow@chrome://browser/content/browser.js:3013:7\noncommand@chrome://browser/content/browser.xhtml:1:1\n", "resource://devtools/shared/protocol/Front.js", 99))
console.warn: "fetching media rules failed" (new Error("Connection closed, pending request to server0.conn0.child3/stylesheet129, type getMediaRules failed\n\nRequest stack:\nrequest@resource://devtools/shared/protocol/Front.js:288:14\ngenerateRequestMethods/</frontProto[name]@resource://devtools/shared/protocol/Front/FrontClassWithSpec.js:46:19\nonStyleSheetAdded@resource://devtools/shared/resources/legacy-listeners/stylesheet.js:17:37\nmodule.exports/<@resource://devtools/shared/resources/legacy-listeners/stylesheet.js:105:28\nmodule.exports@resource://devtools/shared/resources/legacy-listeners/stylesheet.js:104:21\npermitUnload@chrome://global/content/elements/browser-custom-element.js:1681:21\nCanCloseWindow@chrome://browser/content/browser.js:7761:36\nWindowIsClosing@chrome://browser/content/browser.js:7778:7\nBrowserTryToCloseWindow@chrome://browser/content/browser.js:3013:7\noncommand@chrome://browser/content/browser.xhtml:1:1\n", "resource://devtools/shared/protocol/Front.js", 99))
console.warn: "fetching media rules failed" (new Error("Connection closed, pending request to server0.conn0.child3/stylesheet130, type getMediaRules failed\n\nRequest stack:\nrequest@resource://devtools/shared/protocol/Front.js:288:14\ngenerateRequestMethods/</frontProto[name]@resource://devtools/shared/protocol/Front/FrontClassWithSpec.js:46:19\nonStyleSheetAdded@resource://devtools/shared/resources/legacy-listeners/stylesheet.js:17:37\nmodule.exports/<@resource://devtools/shared/resources/legacy-listeners/stylesheet.js:105:28\nmodule.exports@resource://devtools/shared/resources/legacy-listeners/stylesheet.js:104:21\npermitUnload@chrome://global/content/elements/browser-custom-element.js:1681:21\nCanCloseWindow@chrome://browser/content/browser.js:7761:36\nWindowIsClosing@chrome://browser/content/browser.js:7778:7\nBrowserTryToCloseWindow@chrome://browser/content/browser.js:3013:7\noncommand@chrome://browser/content/browser.xhtml:1:1\n", "resource://devtools/shared/protocol/Front.js", 99))
console.warn: "fetching media rules failed" (new Error("Connection closed, pending request to server0.conn0.child3/stylesheet131, type getMediaRules failed\n\nRequest stack:\nrequest@resource://devtools/shared/protocol/Front.js:288:14\ngenerateRequestMethods/</frontProto[name]@resource://devtools/shared/protocol/Front/FrontClassWithSpec.js:46:19\nonStyleSheetAdded@resource://devtools/shared/resources/legacy-listeners/stylesheet.js:17:37\nmodule.exports/<@resource://devtools/shared/resources/legacy-listeners/stylesheet.js:105:28\nmodule.exports@resource://devtools/shared/resources/legacy-listeners/stylesheet.js:104:21\npermitUnload@chrome://global/content/elements/browser-custom-element.js:1681:21\nCanCloseWindow@chrome://browser/content/browser.js:7761:36\nWindowIsClosing@chrome://browser/content/browser.js:7778:7\nBrowserTryToCloseWindow@chrome://browser/content/browser.js:3013:7\noncommand@chrome://browser/content/browser.xhtml:1:1\n", "resource://devtools/shared/protocol/Front.js", 99))
console.warn: "fetching media rules failed" (new Error("Connection closed, pending request to server0.conn0.child3/stylesheet132, type getMediaRules failed\n\nRequest stack:\nrequest@resource://devtools/shared/protocol/Front.js:288:14\ngenerateRequestMethods/</frontProto[name]@resource://devtools/shared/protocol/Front/FrontClassWithSpec.js:46:19\nonStyleSheetAdded@resource://devtools/shared/resources/legacy-listeners/stylesheet.js:17:37\nmodule.exports/<@resource://devtools/shared/resources/legacy-listeners/stylesheet.js:105:28\nmodule.exports@resource://devtools/shared/resources/legacy-listeners/stylesheet.js:104:21\npermitUnload@chrome://global/content/elements/browser-custom-element.js:1681:21\nCanCloseWindow@chrome://browser/content/browser.js:7761:36\nWindowIsClosing@chrome://browser/content/browser.js:7778:7\nBrowserTryToCloseWindow@chrome://browser/content/browser.js:3013:7\noncommand@chrome://browser/content/browser.xhtml:1:1\n", "resource://devtools/shared/protocol/Front.js", 99))
console.warn: "fetching media rules failed" (new Error("Connection closed, pending request to server0.conn0.child3/stylesheet133, type getMediaRules failed\n\nRequest stack:\nrequest@resource://devtools/shared/protocol/Front.js:288:14\ngenerateRequestMethods/</frontProto[name]@resource://devtools/shared/protocol/Front/FrontClassWithSpec.js:46:19\nonStyleSheetAdded@resource://devtools/shared/resources/legacy-listeners/stylesheet.js:17:37\nmodule.exports/<@resource://devtools/shared/resources/legacy-listeners/stylesheet.js:105:28\nmodule.exports@resource://devtools/shared/resources/legacy-listeners/stylesheet.js:104:21\npermitUnload@chrome://global/content/elements/browser-custom-element.js:1681:21\nCanCloseWindow@chrome://browser/content/browser.js:7761:36\nWindowIsClosing@chrome://browser/content/browser.js:7778:7\nBrowserTryToCloseWindow@chrome://browser/content/browser.js:3013:7\noncommand@chrome://browser/content/browser.xhtml:1:1\n", "resource://devtools/shared/protocol/Front.js", 99))
console.warn: "fetching media rules failed" (new Error("Connection closed, pending request to server0.conn0.child3/stylesheet134, type getMediaRules failed\n\nRequest stack:\nrequest@resource://devtools/shared/protocol/Front.js:288:14\ngenerateRequestMethods/</frontProto[name]@resource://devtools/shared/protocol/Front/FrontClassWithSpec.js:46:19\nonStyleSheetAdded@resource://devtools/shared/resources/legacy-listeners/stylesheet.js:17:37\nmodule.exports/<@resource://devtools/shared/resources/legacy-listeners/stylesheet.js:105:28\nmodule.exports@resource://devtools/shared/resources/legacy-listeners/stylesheet.js:104:21\npermitUnload@chrome://global/content/elements/browser-custom-element.js:1681:21\nCanCloseWindow@chrome://browser/content/browser.js:7761:36\nWindowIsClosing@chrome://browser/content/browser.js:7778:7\nBrowserTryToCloseWindow@chrome://browser/content/browser.js:3013:7\noncommand@chrome://browser/content/browser.xhtml:1:1\n", "resource://devtools/shared/protocol/Front.js", 99))
console.warn: "fetching media rules failed" (new Error("Connection closed, pending request to server0.conn0.child3/stylesheet135, type getMediaRules failed\n\nRequest stack:\nrequest@resource://devtools/shared/protocol/Front.js:288:14\ngenerateRequestMethods/</frontProto[name]@resource://devtools/shared/protocol/Front/FrontClassWithSpec.js:46:19\nonStyleSheetAdded@resource://devtools/shared/resources/legacy-listeners/stylesheet.js:17:37\nmodule.exports/<@resource://devtools/shared/resources/legacy-listeners/stylesheet.js:105:28\nmodule.exports@resource://devtools/shared/resources/legacy-listeners/stylesheet.js:104:21\npermitUnload@chrome://global/content/elements/browser-custom-element.js:1681:21\nCanCloseWindow@chrome://browser/content/browser.js:7761:36\nWindowIsClosing@chrome://browser/content/browser.js:7778:7\nBrowserTryToCloseWindow@chrome://browser/content/browser.js:3013:7\noncommand@chrome://browser/content/browser.xhtml:1:1\n", "resource://devtools/shared/protocol/Front.js", 99))
console.warn: "fetching media rules failed" (new Error("Connection closed, pending request to server0.conn0.child3/stylesheet136, type getMediaRules failed\n\nRequest stack:\nrequest@resource://devtools/shared/protocol/Front.js:288:14\ngenerateRequestMethods/</frontProto[name]@resource://devtools/shared/protocol/Front/FrontClassWithSpec.js:46:19\nonStyleSheetAdded@resource://devtools/shared/resources/legacy-listeners/stylesheet.js:17:37\nmodule.exports/<@resource://devtools/shared/resources/legacy-listeners/stylesheet.js:105:28\nmodule.exports@resource://devtools/shared/resources/legacy-listeners/stylesheet.js:104:21\npermitUnload@chrome://global/content/elements/browser-custom-element.js:1681:21\nCanCloseWindow@chrome://browser/content/browser.js:7761:36\nWindowIsClosing@chrome://browser/content/browser.js:7778:7\nBrowserTryToCloseWindow@chrome://browser/content/browser.js:3013:7\noncommand@chrome://browser/content/browser.xhtml:1:1\n", "resource://devtools/shared/protocol/Front.js", 99))
console.warn: "fetching media rules failed" (new Error("Connection closed, pending request to server0.conn0.child3/stylesheet137, type getMediaRules failed\n\nRequest stack:\nrequest@resource://devtools/shared/protocol/Front.js:288:14\ngenerateRequestMethods/</frontProto[name]@resource://devtools/shared/protocol/Front/FrontClassWithSpec.js:46:19\nonStyleSheetAdded@resource://devtools/shared/resources/legacy-listeners/stylesheet.js:17:37\nmodule.exports/<@resource://devtools/shared/resources/legacy-listeners/stylesheet.js:105:28\nmodule.exports@resource://devtools/shared/resources/legacy-listeners/stylesheet.js:104:21\npermitUnload@chrome://global/content/elements/browser-custom-element.js:1681:21\nCanCloseWindow@chrome://browser/content/browser.js:7761:36\nWindowIsClosing@chrome://browser/content/browser.js:7778:7\nBrowserTryToCloseWindow@chrome://browser/content/browser.js:3013:7\noncommand@chrome://browser/content/browser.xhtml:1:1\n", "resource://devtools/shared/protocol/Front.js", 99))
console.warn: "fetching media rules failed" (new Error("Connection closed, pending request to server0.conn0.child3/stylesheet138, type getMediaRules failed\n\nRequest stack:\nrequest@resource://devtools/shared/protocol/Front.js:288:14\ngenerateRequestMethods/</frontProto[name]@resource://devtools/shared/protocol/Front/FrontClassWithSpec.js:46:19\nonStyleSheetAdded@resource://devtools/shared/resources/legacy-listeners/stylesheet.js:17:37\nmodule.exports/<@resource://devtools/shared/resources/legacy-listeners/stylesheet.js:105:28\nmodule.exports@resource://devtools/shared/resources/legacy-listeners/stylesheet.js:104:21\npermitUnload@chrome://global/content/elements/browser-custom-element.js:1681:21\nCanCloseWindow@chrome://browser/content/browser.js:7761:36\nWindowIsClosing@chrome://browser/content/browser.js:7778:7\nBrowserTryToCloseWindow@chrome://browser/content/browser.js:3013:7\noncommand@chrome://browser/content/browser.xhtml:1:1\n", "resource://devtools/shared/protocol/Front.js", 99))
console.warn: "fetching media rules failed" (new Error("Connection closed, pending request to server0.conn0.child3/stylesheet139, type getMediaRules failed\n\nRequest stack:\nrequest@resource://devtools/shared/protocol/Front.js:288:14\ngenerateRequestMethods/</frontProto[name]@resource://devtools/shared/protocol/Front/FrontClassWithSpec.js:46:19\nonStyleSheetAdded@resource://devtools/shared/resources/legacy-listeners/stylesheet.js:17:37\nmodule.exports/<@resource://devtools/shared/resources/legacy-listeners/stylesheet.js:105:28\nmodule.exports@resource://devtools/shared/resources/legacy-listeners/stylesheet.js:104:21\npermitUnload@chrome://global/content/elements/browser-custom-element.js:1681:21\nCanCloseWindow@chrome://browser/content/browser.js:7761:36\nWindowIsClosing@chrome://browser/content/browser.js:7778:7\nBrowserTryToCloseWindow@chrome://browser/content/browser.js:3013:7\noncommand@chrome://browser/content/browser.xhtml:1:1\n", "resource://devtools/shared/protocol/Front.js", 99))
console.warn: "fetching media rules failed" (new Error("Connection closed, pending request to server0.conn0.child3/stylesheet140, type getMediaRules failed\n\nRequest stack:\nrequest@resource://devtools/shared/protocol/Front.js:288:14\ngenerateRequestMethods/</frontProto[name]@resource://devtools/shared/protocol/Front/FrontClassWithSpec.js:46:19\nonStyleSheetAdded@resource://devtools/shared/resources/legacy-listeners/stylesheet.js:17:37\nmodule.exports/<@resource://devtools/shared/resources/legacy-listeners/stylesheet.js:105:28\nmodule.exports@resource://devtools/shared/resources/legacy-listeners/stylesheet.js:104:21\npermitUnload@chrome://global/content/elements/browser-custom-element.js:1681:21\nCanCloseWindow@chrome://browser/content/browser.js:7761:36\nWindowIsClosing@chrome://browser/content/browser.js:7778:7\nBrowserTryToCloseWindow@chrome://browser/content/browser.js:3013:7\noncommand@chrome://browser/content/browser.xhtml:1:1\n", "resource://devtools/shared/protocol/Front.js", 99))
console.warn: "fetching media rules failed" (new Error("Connection closed, pending request to server0.conn0.child3/stylesheet141, type getMediaRules failed\n\nRequest stack:\nrequest@resource://devtools/shared/protocol/Front.js:288:14\ngenerateRequestMethods/</frontProto[name]@resource://devtools/shared/protocol/Front/FrontClassWithSpec.js:46:19\nonStyleSheetAdded@resource://devtools/shared/resources/legacy-listeners/stylesheet.js:17:37\nmodule.exports/<@resource://devtools/shared/resources/legacy-listeners/stylesheet.js:105:28\nmodule.exports@resource://devtools/shared/resources/legacy-listeners/stylesheet.js:104:21\npermitUnload@chrome://global/content/elements/browser-custom-element.js:1681:21\nCanCloseWindow@chrome://browser/content/browser.js:7761:36\nWindowIsClosing@chrome://browser/content/browser.js:7778:7\nBrowserTryToCloseWindow@chrome://browser/content/browser.js:3013:7\noncommand@chrome://browser/content/browser.xhtml:1:1\n", "resource://devtools/shared/protocol/Front.js", 99))
console.warn: "fetching media rules failed" (new Error("Connection closed, pending request to server0.conn0.child3/stylesheet142, type getMediaRules failed\n\nRequest stack:\nrequest@resource://devtools/shared/protocol/Front.js:288:14\ngenerateRequestMethods/</frontProto[name]@resource://devtools/shared/protocol/Front/FrontClassWithSpec.js:46:19\nonStyleSheetAdded@resource://devtools/shared/resources/legacy-listeners/stylesheet.js:17:37\nmodule.exports/<@resource://devtools/shared/resources/legacy-listeners/stylesheet.js:105:28\nmodule.exports@resource://devtools/shared/resources/legacy-listeners/stylesheet.js:104:21\npermitUnload@chrome://global/content/elements/browser-custom-element.js:1681:21\nCanCloseWindow@chrome://browser/content/browser.js:7761:36\nWindowIsClosing@chrome://browser/content/browser.js:7778:7\nBrowserTryToCloseWindow@chrome://browser/content/browser.js:3013:7\noncommand@chrome://browser/content/browser.xhtml:1:1\n", "resource://devtools/shared/protocol/Front.js", 99))
console.warn: "fetching media rules failed" (new Error("Connection closed, pending request to server0.conn0.child3/stylesheet143, type getMediaRules failed\n\nRequest stack:\nrequest@resource://devtools/shared/protocol/Front.js:288:14\ngenerateRequestMethods/</frontProto[name]@resource://devtools/shared/protocol/Front/FrontClassWithSpec.js:46:19\nonStyleSheetAdded@resource://devtools/shared/resources/legacy-listeners/stylesheet.js:17:37\nmodule.exports/<@resource://devtools/shared/resources/legacy-listeners/stylesheet.js:105:28\nmodule.exports@resource://devtools/shared/resources/legacy-listeners/stylesheet.js:104:21\npermitUnload@chrome://global/content/elements/browser-custom-element.js:1681:21\nCanCloseWindow@chrome://browser/content/browser.js:7761:36\nWindowIsClosing@chrome://browser/content/browser.js:7778:7\nBrowserTryToCloseWindow@chrome://browser/content/browser.js:3013:7\noncommand@chrome://browser/content/browser.xhtml:1:1\n", "resource://devtools/shared/protocol/Front.js", 99))
console.warn: "fetching media rules failed" (new Error("Connection closed, pending request to server0.conn0.child3/stylesheet144, type getMediaRules failed\n\nRequest stack:\nrequest@resource://devtools/shared/protocol/Front.js:288:14\ngenerateRequestMethods/</frontProto[name]@resource://devtools/shared/protocol/Front/FrontClassWithSpec.js:46:19\nonStyleSheetAdded@resource://devtools/shared/resources/legacy-listeners/stylesheet.js:17:37\nmodule.exports/<@resource://devtools/shared/resources/legacy-listeners/stylesheet.js:105:28\nmodule.exports@resource://devtools/shared/resources/legacy-listeners/stylesheet.js:104:21\npermitUnload@chrome://global/content/elements/browser-custom-element.js:1681:21\nCanCloseWindow@chrome://browser/content/browser.js:7761:36\nWindowIsClosing@chrome://browser/content/browser.js:7778:7\nBrowserTryToCloseWindow@chrome://browser/content/browser.js:3013:7\noncommand@chrome://browser/content/browser.xhtml:1:1\n", "resource://devtools/shared/protocol/Front.js", 99))
console.warn: "fetching media rules failed" (new Error("Connection closed, pending request to server0.conn0.child3/stylesheet145, type getMediaRules failed\n\nRequest stack:\nrequest@resource://devtools/shared/protocol/Front.js:288:14\ngenerateRequestMethods/</frontProto[name]@resource://devtools/shared/protocol/Front/FrontClassWithSpec.js:46:19\nonStyleSheetAdded@resource://devtools/shared/resources/legacy-listeners/stylesheet.js:17:37\nmodule.exports/<@resource://devtools/shared/resources/legacy-listeners/stylesheet.js:105:28\nmodule.exports@resource://devtools/shared/resources/legacy-listeners/stylesheet.js:104:21\npermitUnload@chrome://global/content/elements/browser-custom-element.js:1681:21\nCanCloseWindow@chrome://browser/content/browser.js:7761:36\nWindowIsClosing@chrome://browser/content/browser.js:7778:7\nBrowserTryToCloseWindow@chrome://browser/content/browser.js:3013:7\noncommand@chrome://browser/content/browser.xhtml:1:1\n", "resource://devtools/shared/protocol/Front.js", 99))
console.warn: "fetching media rules failed" (new Error("Connection closed, pending request to server0.conn0.child3/stylesheet146, type getMediaRules failed\n\nRequest stack:\nrequest@resource://devtools/shared/protocol/Front.js:288:14\ngenerateRequestMethods/</frontProto[name]@resource://devtools/shared/protocol/Front/FrontClassWithSpec.js:46:19\nonStyleSheetAdded@resource://devtools/shared/resources/legacy-listeners/stylesheet.js:17:37\nmodule.exports/<@resource://devtools/shared/resources/legacy-listeners/stylesheet.js:105:28\nmodule.exports@resource://devtools/shared/resources/legacy-listeners/stylesheet.js:104:21\npermitUnload@chrome://global/content/elements/browser-custom-element.js:1681:21\nCanCloseWindow@chrome://browser/content/browser.js:7761:36\nWindowIsClosing@chrome://browser/content/browser.js:7778:7\nBrowserTryToCloseWindow@chrome://browser/content/browser.js:3013:7\noncommand@chrome://browser/content/browser.xhtml:1:1\n", "resource://devtools/shared/protocol/Front.js", 99))
console.warn: "fetching media rules failed" (new Error("Connection closed, pending request to server0.conn0.child3/stylesheet147, type getMediaRules failed\n\nRequest stack:\nrequest@resource://devtools/shared/protocol/Front.js:288:14\ngenerateRequestMethods/</frontProto[name]@resource://devtools/shared/protocol/Front/FrontClassWithSpec.js:46:19\nonStyleSheetAdded@resource://devtools/shared/resources/legacy-listeners/stylesheet.js:17:37\nmodule.exports/<@resource://devtools/shared/resources/legacy-listeners/stylesheet.js:105:28\nmodule.exports@resource://devtools/shared/resources/legacy-listeners/stylesheet.js:104:21\npermitUnload@chrome://global/content/elements/browser-custom-element.js:1681:21\nCanCloseWindow@chrome://browser/content/browser.js:7761:36\nWindowIsClosing@chrome://browser/content/browser.js:7778:7\nBrowserTryToCloseWindow@chrome://browser/content/browser.js:3013:7\noncommand@chrome://browser/content/browser.xhtml:1:1\n", "resource://devtools/shared/protocol/Front.js", 99))
console.warn: "fetching media rules failed" (new Error("Connection closed, pending request to server0.conn0.child3/stylesheet148, type getMediaRules failed\n\nRequest stack:\nrequest@resource://devtools/shared/protocol/Front.js:288:14\ngenerateRequestMethods/</frontProto[name]@resource://devtools/shared/protocol/Front/FrontClassWithSpec.js:46:19\nonStyleSheetAdded@resource://devtools/shared/resources/legacy-listeners/stylesheet.js:17:37\nmodule.exports/<@resource://devtools/shared/resources/legacy-listeners/stylesheet.js:105:28\nmodule.exports@resource://devtools/shared/resources/legacy-listeners/stylesheet.js:104:21\npermitUnload@chrome://global/content/elements/browser-custom-element.js:1681:21\nCanCloseWindow@chrome://browser/content/browser.js:7761:36\nWindowIsClosing@chrome://browser/content/browser.js:7778:7\nBrowserTryToCloseWindow@chrome://browser/content/browser.js:3013:7\noncommand@chrome://browser/content/browser.xhtml:1:1\n", "resource://devtools/shared/protocol/Front.js", 99))
console.warn: "fetching media rules failed" (new Error("Connection closed, pending request to server0.conn0.child3/stylesheet149, type getMediaRules failed\n\nRequest stack:\nrequest@resource://devtools/shared/protocol/Front.js:288:14\ngenerateRequestMethods/</frontProto[name]@resource://devtools/shared/protocol/Front/FrontClassWithSpec.js:46:19\nonStyleSheetAdded@resource://devtools/shared/resources/legacy-listeners/stylesheet.js:17:37\nmodule.exports/<@resource://devtools/shared/resources/legacy-listeners/stylesheet.js:105:28\nmodule.exports@resource://devtools/shared/resources/legacy-listeners/stylesheet.js:104:21\npermitUnload@chrome://global/content/elements/browser-custom-element.js:1681:21\nCanCloseWindow@chrome://browser/content/browser.js:7761:36\nWindowIsClosing@chrome://browser/content/browser.js:7778:7\nBrowserTryToCloseWindow@chrome://browser/content/browser.js:3013:7\noncommand@chrome://browser/content/browser.xhtml:1:1\n", "resource://devtools/shared/protocol/Front.js", 99))
console.warn: "fetching media rules failed" (new Error("Connection closed, pending request to server0.conn0.child3/stylesheet150, type getMediaRules failed\n\nRequest stack:\nrequest@resource://devtools/shared/protocol/Front.js:288:14\ngenerateRequestMethods/</frontProto[name]@resource://devtools/shared/protocol/Front/FrontClassWithSpec.js:46:19\nonStyleSheetAdded@resource://devtools/shared/resources/legacy-listeners/stylesheet.js:17:37\nmodule.exports/<@resource://devtools/shared/resources/legacy-listeners/stylesheet.js:105:28\nmodule.exports@resource://devtools/shared/resources/legacy-listeners/stylesheet.js:104:21\npermitUnload@chrome://global/content/elements/browser-custom-element.js:1681:21\nCanCloseWindow@chrome://browser/content/browser.js:7761:36\nWindowIsClosing@chrome://browser/content/browser.js:7778:7\nBrowserTryToCloseWindow@chrome://browser/content/browser.js:3013:7\noncommand@chrome://browser/content/browser.xhtml:1:1\n", "resource://devtools/shared/protocol/Front.js", 99))
console.error: (new Error("Can not send request 'watchResources' because front 'watcher' is already destroyed.", "resource://devtools/shared/protocol/Front/FrontClassWithSpec.js", 28))
1616389087097	Marionette	INFO	Stopped listening on port 59035

###!!! [Child][RunMessage] Error: Channel closing: too late to send/recv, messages will be lost

